/net/tscratch/people/plgmpniak/miniconda3/envs/dimred_env/lib/python3.10/site-packages/pacmap/__init__.py:3: UserWarning: pkg_resources is deprecated as an API. See https://setuptools.pypa.io/en/latest/pkg_resources.html. The pkg_resources package is slated for removal as early as 2025-11-30. Refrain from using this package or pin to Setuptools<81.
  import pkg_resources
/net/tscratch/people/plgmpniak/miniconda3/envs/dimred_env/lib/python3.10/site-packages/pacmap/pacmap.py:828: UserWarning: Warning: random state is set to 42
  warnings.warn(f'Warning: random state is set to {_RANDOM_STATE}')
Applied PCA, the dimensionality becomes 100
PaCMAP(n_neighbors=10, n_MN=13, n_FP=9, distance=euclidean, lr=1.0, n_iters=450, apply_pca=True, opt_method='adam', verbose=True, intermediate=False, seed=42)
Finding pairs
Found nearest neighbor
Calculated sigma
Found scaled dist
Pairs sampled successfully.
((15051410, 2), (19566833, 2), (13546269, 2))
Initial Loss: 11071098.0
Iteration:   10, Loss: 12103607.000000
Iteration:   20, Loss: 10819995.000000
Iteration:   30, Loss: 10214362.000000
Iteration:   40, Loss: 9722281.000000
Iteration:   50, Loss: 9179918.000000
Iteration:   60, Loss: 8645664.000000
Iteration:   70, Loss: 8067645.500000
Iteration:   80, Loss: 7374921.000000
Iteration:   90, Loss: 6545587.000000
Iteration:  100, Loss: 5127673.500000
Iteration:  110, Loss: 5972988.500000
Iteration:  120, Loss: 5873202.000000
Iteration:  130, Loss: 5745737.500000
Iteration:  140, Loss: 5715480.000000
Iteration:  150, Loss: 5712520.000000
Iteration:  160, Loss: 5704416.000000
Iteration:  170, Loss: 5698111.500000
Iteration:  180, Loss: 5692436.000000
Iteration:  190, Loss: 5687398.500000
Iteration:  200, Loss: 5685003.000000
Iteration:  210, Loss: 2610161.000000
Iteration:  220, Loss: 2552632.000000
Iteration:  230, Loss: 2543327.750000
Iteration:  240, Loss: 2537438.000000
Iteration:  250, Loss: 2535165.500000
Iteration:  260, Loss: 2534947.000000
Iteration:  270, Loss: 2534659.000000
Iteration:  280, Loss: 2534308.250000
Iteration:  290, Loss: 2534107.250000
Iteration:  300, Loss: 2534097.500000
Iteration:  310, Loss: 2534119.500000
Iteration:  320, Loss: 2534102.000000
Iteration:  330, Loss: 2534119.250000
Iteration:  340, Loss: 2534133.000000
Iteration:  350, Loss: 2534125.250000
Iteration:  360, Loss: 2534143.500000
Iteration:  370, Loss: 2534129.500000
Iteration:  380, Loss: 2534116.750000
Iteration:  390, Loss: 2534105.500000
Iteration:  400, Loss: 2534095.000000
Iteration:  410, Loss: 2534086.000000
Iteration:  420, Loss: 2534078.250000
Iteration:  430, Loss: 2534083.250000
Iteration:  440, Loss: 2534074.500000
Iteration:  450, Loss: 2534076.750000
Elapsed time: 1053.94s
Plots were generated and saved in: /net/tscratch/people/plgmpniak/LSC_dim_reduction/LSC_Dimensionality_Reduction/results/pacmap_cpu/non_normalized
✅ PaCMAP CPU results saved in: /net/tscratch/people/plgmpniak/LSC_dim_reduction/LSC_Dimensionality_Reduction/results/pacmap_cpu/non_normalized
